31-Jan-2021 18:22:56.536 信息 [localhost-startStop-1] org.apache.catalina.core.ApplicationContext.log No Spring WebApplicationInitializer types detected on classpath
31-Jan-2021 18:22:56.578 信息 [localhost-startStop-1] org.apache.catalina.core.ApplicationContext.log Initializing log4j system
31-Jan-2021 18:22:56.667 信息 [localhost-startStop-1] org.apache.catalina.core.ApplicationContext.log Initializing Spring root WebApplicationContext
31-Jan-2021 18:23:34.389 信息 [localhost-startStop-1] org.apache.catalina.core.ApplicationContext.log Initializing Spring sub WebApplicationContext: sysmanage
31-Jan-2021 18:23:35.179 信息 [localhost-startStop-1] org.apache.catalina.core.ApplicationContext.log Initializing Spring sub WebApplicationContext: sysinfo
31-Jan-2021 18:23:35.628 信息 [localhost-startStop-1] org.apache.catalina.core.ApplicationContext.log Initializing Spring sub WebApplicationContext: personal
31-Jan-2021 18:23:36.133 信息 [localhost-startStop-1] org.apache.catalina.core.ApplicationContext.log Initializing Spring sub WebApplicationContext: governance
31-Jan-2021 18:23:36.633 信息 [localhost-startStop-1] org.apache.catalina.core.ApplicationContext.log Initializing Spring sub WebApplicationContext: home
31-Jan-2021 18:23:37.066 信息 [localhost-startStop-1] org.apache.catalina.core.ApplicationContext.log WebxComponents: initialization completed
31-Jan-2021 18:23:37.068 信息 [localhost-startStop-1] org.apache.catalina.core.ApplicationContext.log Initializing filter: webx
31-Jan-2021 18:23:37.075 信息 [localhost-startStop-1] org.apache.catalina.core.ApplicationContext.log WebxFrameworkFilter - webx: initialization completed
31-Jan-2021 18:23:37.075 信息 [localhost-startStop-1] org.apache.catalina.core.ApplicationContext.log Initializing filter: mdc
31-Jan-2021 18:23:37.075 信息 [localhost-startStop-1] org.apache.catalina.core.ApplicationContext.log SetLoggingContextFilter - mdc: initialization completed
31-Jan-2021 18:25:57.521 信息 [localhost-startStop-1] org.apache.catalina.core.ApplicationContext.log No Spring WebApplicationInitializer types detected on classpath
31-Jan-2021 18:25:57.560 信息 [localhost-startStop-1] org.apache.catalina.core.ApplicationContext.log Initializing log4j system
31-Jan-2021 18:25:57.636 信息 [localhost-startStop-1] org.apache.catalina.core.ApplicationContext.log Initializing Spring root WebApplicationContext
31-Jan-2021 18:26:35.188 信息 [localhost-startStop-1] org.apache.catalina.core.ApplicationContext.log Initializing Spring sub WebApplicationContext: sysmanage
31-Jan-2021 18:26:35.953 信息 [localhost-startStop-1] org.apache.catalina.core.ApplicationContext.log Initializing Spring sub WebApplicationContext: sysinfo
31-Jan-2021 18:26:36.430 信息 [localhost-startStop-1] org.apache.catalina.core.ApplicationContext.log Initializing Spring sub WebApplicationContext: personal
31-Jan-2021 18:26:36.964 信息 [localhost-startStop-1] org.apache.catalina.core.ApplicationContext.log Initializing Spring sub WebApplicationContext: governance
31-Jan-2021 18:26:37.441 信息 [localhost-startStop-1] org.apache.catalina.core.ApplicationContext.log Initializing Spring sub WebApplicationContext: home
31-Jan-2021 18:26:37.862 信息 [localhost-startStop-1] org.apache.catalina.core.ApplicationContext.log WebxComponents: initialization completed
31-Jan-2021 18:26:37.865 信息 [localhost-startStop-1] org.apache.catalina.core.ApplicationContext.log Initializing filter: webx
31-Jan-2021 18:26:37.871 信息 [localhost-startStop-1] org.apache.catalina.core.ApplicationContext.log WebxFrameworkFilter - webx: initialization completed
31-Jan-2021 18:26:37.872 信息 [localhost-startStop-1] org.apache.catalina.core.ApplicationContext.log Initializing filter: mdc
31-Jan-2021 18:26:37.872 信息 [localhost-startStop-1] org.apache.catalina.core.ApplicationContext.log SetLoggingContextFilter - mdc: initialization completed
31-Jan-2021 18:31:08.585 信息 [localhost-startStop-1] org.apache.catalina.core.ApplicationContext.log No Spring WebApplicationInitializer types detected on classpath
31-Jan-2021 18:31:08.624 信息 [localhost-startStop-1] org.apache.catalina.core.ApplicationContext.log Initializing log4j system
31-Jan-2021 18:31:08.699 信息 [localhost-startStop-1] org.apache.catalina.core.ApplicationContext.log Initializing Spring root WebApplicationContext
31-Jan-2021 18:31:55.841 信息 [localhost-startStop-1] org.apache.catalina.core.ApplicationContext.log No Spring WebApplicationInitializer types detected on classpath
31-Jan-2021 18:31:55.886 信息 [localhost-startStop-1] org.apache.catalina.core.ApplicationContext.log Initializing log4j system
31-Jan-2021 18:31:55.968 信息 [localhost-startStop-1] org.apache.catalina.core.ApplicationContext.log Initializing Spring root WebApplicationContext
31-Jan-2021 18:32:03.502 信息 [localhost-startStop-1] org.apache.catalina.core.ApplicationContext.log Initializing Spring sub WebApplicationContext: sysmanage
31-Jan-2021 18:32:04.237 信息 [localhost-startStop-1] org.apache.catalina.core.ApplicationContext.log Initializing Spring sub WebApplicationContext: sysinfo
31-Jan-2021 18:32:04.676 信息 [localhost-startStop-1] org.apache.catalina.core.ApplicationContext.log Initializing Spring sub WebApplicationContext: personal
31-Jan-2021 18:32:05.186 信息 [localhost-startStop-1] org.apache.catalina.core.ApplicationContext.log Initializing Spring sub WebApplicationContext: governance
31-Jan-2021 18:32:05.672 信息 [localhost-startStop-1] org.apache.catalina.core.ApplicationContext.log Initializing Spring sub WebApplicationContext: home
31-Jan-2021 18:32:06.097 信息 [localhost-startStop-1] org.apache.catalina.core.ApplicationContext.log WebxComponents: initialization completed
31-Jan-2021 18:32:06.100 信息 [localhost-startStop-1] org.apache.catalina.core.ApplicationContext.log Initializing filter: webx
31-Jan-2021 18:32:06.105 信息 [localhost-startStop-1] org.apache.catalina.core.ApplicationContext.log WebxFrameworkFilter - webx: initialization completed
31-Jan-2021 18:32:06.106 信息 [localhost-startStop-1] org.apache.catalina.core.ApplicationContext.log Initializing filter: mdc
31-Jan-2021 18:32:06.106 信息 [localhost-startStop-1] org.apache.catalina.core.ApplicationContext.log SetLoggingContextFilter - mdc: initialization completed
31-Jan-2021 19:00:44.930 信息 [localhost-startStop-2] org.apache.catalina.core.ApplicationContext.log Closing Spring root WebApplicationContext
31-Jan-2021 19:00:44.961 信息 [localhost-startStop-2] org.apache.catalina.core.ApplicationContext.log Shutting down log system
31-Jan-2021 22:38:47.552 信息 [localhost-startStop-1] org.apache.catalina.core.ApplicationContext.log No Spring WebApplicationInitializer types detected on classpath
31-Jan-2021 22:38:47.591 信息 [localhost-startStop-1] org.apache.catalina.core.ApplicationContext.log Initializing log4j system
31-Jan-2021 22:38:47.669 信息 [localhost-startStop-1] org.apache.catalina.core.ApplicationContext.log Initializing Spring root WebApplicationContext
31-Jan-2021 22:38:55.439 信息 [localhost-startStop-1] org.apache.catalina.core.ApplicationContext.log Initializing Spring sub WebApplicationContext: sysmanage
31-Jan-2021 22:38:56.279 信息 [localhost-startStop-1] org.apache.catalina.core.ApplicationContext.log Initializing Spring sub WebApplicationContext: sysinfo
31-Jan-2021 22:38:56.756 信息 [localhost-startStop-1] org.apache.catalina.core.ApplicationContext.log Initializing Spring sub WebApplicationContext: personal
31-Jan-2021 22:38:57.269 信息 [localhost-startStop-1] org.apache.catalina.core.ApplicationContext.log Initializing Spring sub WebApplicationContext: governance
31-Jan-2021 22:38:57.779 信息 [localhost-startStop-1] org.apache.catalina.core.ApplicationContext.log Initializing Spring sub WebApplicationContext: home
31-Jan-2021 22:38:58.194 信息 [localhost-startStop-1] org.apache.catalina.core.ApplicationContext.log WebxComponents: initialization completed
31-Jan-2021 22:38:58.197 信息 [localhost-startStop-1] org.apache.catalina.core.ApplicationContext.log Initializing filter: webx
31-Jan-2021 22:38:58.202 信息 [localhost-startStop-1] org.apache.catalina.core.ApplicationContext.log WebxFrameworkFilter - webx: initialization completed
31-Jan-2021 22:38:58.203 信息 [localhost-startStop-1] org.apache.catalina.core.ApplicationContext.log Initializing filter: mdc
31-Jan-2021 22:38:58.203 信息 [localhost-startStop-1] org.apache.catalina.core.ApplicationContext.log SetLoggingContextFilter - mdc: initialization completed
31-Jan-2021 22:51:40.696 信息 [localhost-startStop-2] org.apache.catalina.core.ApplicationContext.log Closing Spring root WebApplicationContext
31-Jan-2021 22:51:40.720 信息 [localhost-startStop-2] org.apache.catalina.core.ApplicationContext.log Shutting down log system
